        -:    0:Source:dominion.c
        -:    0:Graph:dominion.gcno
        -:    0:Data:dominion.gcda
        -:    0:Runs:8
        -:    0:Programs:8
        -:    1:#include "dominion.h"
        -:    2:#include "dominion_helpers.h"
        -:    3:#include "rngs.h"
        -:    4:#include <stdio.h>
        -:    5:#include <math.h>
        -:    6:#include <stdlib.h>
        -:    7:
function compare called 210 returned 100% blocks executed 83%
      210:    8:int compare(const void* a, const void* b) {
      210:    9:  if (*(int*)a > *(int*)b)
branch  0 taken 0% (fallthrough)
branch  1 taken 100%
    #####:   10:    return 1;
      210:   11:  if (*(int*)a < *(int*)b)
branch  0 taken 27% (fallthrough)
branch  1 taken 73%
       56:   12:    return -1;
      154:   13:  return 0;
        -:   14:}
        -:   15:
function newGame called 0 returned 0% blocks executed 0%
    #####:   16:struct gameState* newGame() {
    #####:   17:  struct gameState* g = malloc(sizeof(struct gameState));
    #####:   18:  return g;
        -:   19:}
        -:   20:
function kingdomCards called 1 returned 100% blocks executed 100%
        1:   21:int* kingdomCards(int k1, int k2, int k3, int k4, int k5, int k6, int k7,
        -:   22:		  int k8, int k9, int k10) {
        1:   23:  int* k = malloc(10 * sizeof(int));
        1:   24:  k[0] = k1;
        1:   25:  k[1] = k2;
        1:   26:  k[2] = k3;
        1:   27:  k[3] = k4;
        1:   28:  k[4] = k5;
        1:   29:  k[5] = k6;
        1:   30:  k[6] = k7;
        1:   31:  k[7] = k8;
        1:   32:  k[8] = k9;
        1:   33:  k[9] = k10;
        1:   34:  return k;
        -:   35:}
        -:   36:
function initializeGame called 7 returned 100% blocks executed 88%
        7:   37:int initializeGame(int numPlayers, int kingdomCards[10], int randomSeed,
        -:   38:		   struct gameState *state) {
        -:   39:
        -:   40:  int i;
        -:   41:  int j;
        -:   42:  int it;
        -:   43:  //set up random number generator
        7:   44:  SelectStream(1);
call    0 returned 100%
        7:   45:  PutSeed((long)randomSeed);
call    0 returned 100%
        -:   46:
        -:   47:  //check number of players
        7:   48:  if (numPlayers > MAX_PLAYERS || numPlayers < 2)
branch  0 taken 100% (fallthrough)
branch  1 taken 0%
branch  2 taken 0% (fallthrough)
branch  3 taken 100%
        -:   49:    {
    #####:   50:      return -1;
        -:   51:    }
        -:   52:
        -:   53:  //set number of players
        7:   54:  state->numPlayers = numPlayers;
        -:   55:
        -:   56:  //check selected kingdom cards are different
       77:   57:  for (i = 0; i < 10; i++)
branch  0 taken 91%
branch  1 taken 9% (fallthrough)
        -:   58:    {
      770:   59:      for (j = 0; j < 10; j++)
branch  0 taken 91%
branch  1 taken 9% (fallthrough)
        -:   60:        {
      700:   61:	  if (j != i && kingdomCards[j] == kingdomCards[i])
branch  0 taken 90% (fallthrough)
branch  1 taken 10%
branch  2 taken 0% (fallthrough)
branch  3 taken 100%
        -:   62:	    {
    #####:   63:	      return -1;
        -:   64:	    }
        -:   65:        }
        -:   66:    }
        -:   67:
        -:   68:
        -:   69:  //initialize supply
        -:   70:  ///////////////////////////////
        -:   71:
        -:   72:  //set number of Curse cards
        7:   73:  if (numPlayers == 2)
branch  0 taken 100% (fallthrough)
branch  1 taken 0%
        -:   74:    {
        7:   75:      state->supplyCount[curse] = 10;
        -:   76:    }
    #####:   77:  else if (numPlayers == 3)
branch  0 never executed
branch  1 never executed
        -:   78:    {
    #####:   79:      state->supplyCount[curse] = 20;
        -:   80:    }
        -:   81:  else
        -:   82:    {
    #####:   83:      state->supplyCount[curse] = 30;
        -:   84:    }
        -:   85:
        -:   86:  //set number of Victory cards
        7:   87:  if (numPlayers == 2)
branch  0 taken 100% (fallthrough)
branch  1 taken 0%
        -:   88:    {
        7:   89:      state->supplyCount[estate] = 8;
        7:   90:      state->supplyCount[duchy] = 8;
        7:   91:      state->supplyCount[province] = 8;
        -:   92:    }
        -:   93:  else
        -:   94:    {
    #####:   95:      state->supplyCount[estate] = 12;
    #####:   96:      state->supplyCount[duchy] = 12;
    #####:   97:      state->supplyCount[province] = 12;
        -:   98:    }
        -:   99:
        -:  100:  //set number of Treasure cards
        7:  101:  state->supplyCount[copper] = 60 - (7 * numPlayers);
        7:  102:  state->supplyCount[silver] = 40;
        7:  103:  state->supplyCount[gold] = 30;
        -:  104:
        -:  105:  //set number of Kingdom cards
      147:  106:  for (i = adventurer; i <= treasure_map; i++)       	//loop all cards
branch  0 taken 95%
branch  1 taken 5% (fallthrough)
        -:  107:    {
     1155:  108:      for (j = 0; j < 10; j++)           		//loop chosen cards
branch  0 taken 94%
branch  1 taken 6% (fallthrough)
        -:  109:	{
     1085:  110:	  if (kingdomCards[j] == i)
branch  0 taken 6% (fallthrough)
branch  1 taken 94%
        -:  111:	    {
        -:  112:	      //check if card is a 'Victory' Kingdom card
       70:  113:	      if (kingdomCards[j] == great_hall || kingdomCards[j] == gardens)
branch  0 taken 91% (fallthrough)
branch  1 taken 9%
branch  2 taken 11% (fallthrough)
branch  3 taken 89%
        -:  114:		{
       26:  115:		  if (numPlayers == 2){
branch  0 taken 100% (fallthrough)
branch  1 taken 0%
       13:  116:		    state->supplyCount[i] = 8;
        -:  117:		  }
    #####:  118:		  else{ state->supplyCount[i] = 12; }
        -:  119:		}
        -:  120:	      else
        -:  121:		{
       57:  122:		  state->supplyCount[i] = 10;
        -:  123:		}
       70:  124:	      break;
        -:  125:	    }
        -:  126:	  else    //card is not in the set choosen for the game
        -:  127:	    {
     1015:  128:	      state->supplyCount[i] = -1;
        -:  129:	    }
        -:  130:	}
        -:  131:
        -:  132:    }
        -:  133:
        -:  134:  ////////////////////////
        -:  135:  //supply intilization complete
        -:  136:
        -:  137:  //set player decks
       21:  138:  for (i = 0; i < numPlayers; i++)
branch  0 taken 67%
branch  1 taken 33% (fallthrough)
        -:  139:    {
       14:  140:      state->deckCount[i] = 0;
       56:  141:      for (j = 0; j < 3; j++)
branch  0 taken 75%
branch  1 taken 25% (fallthrough)
        -:  142:	{
       42:  143:	  state->deck[i][j] = estate;
       42:  144:	  state->deckCount[i]++;
        -:  145:	}
      112:  146:      for (j = 3; j < 10; j++)
branch  0 taken 88%
branch  1 taken 13% (fallthrough)
        -:  147:	{
       98:  148:	  state->deck[i][j] = copper;
       98:  149:	  state->deckCount[i]++;
        -:  150:	}
        -:  151:    }
        -:  152:
        -:  153:  //shuffle player decks
       21:  154:  for (i = 0; i < numPlayers; i++)
branch  0 taken 67%
branch  1 taken 33% (fallthrough)
        -:  155:    {
       14:  156:      if ( shuffle(i, state) < 0 )
call    0 returned 100%
branch  1 taken 0% (fallthrough)
branch  2 taken 100%
        -:  157:	{
    #####:  158:	  return -1;
        -:  159:	}
        -:  160:    }
        -:  161:
        -:  162:  //draw player hands
       21:  163:  for (i = 0; i < numPlayers; i++)
branch  0 taken 67%
branch  1 taken 33% (fallthrough)
        -:  164:    {
        -:  165:      //initialize hand size to zero
       14:  166:      state->handCount[i] = 0;
       14:  167:      state->discardCount[i] = 0;
        -:  168:      //draw 5 cards
        -:  169:      // for (j = 0; j < 5; j++)
        -:  170:      //	{
        -:  171:      //	  drawCard(i, state);
        -:  172:      //	}
        -:  173:    }
        -:  174:
        -:  175:  //set embargo tokens to 0 for all supply piles
      196:  176:  for (i = 0; i <= treasure_map; i++)
branch  0 taken 96%
branch  1 taken 4% (fallthrough)
        -:  177:    {
      189:  178:      state->embargoTokens[i] = 0;
        -:  179:    }
        -:  180:
        -:  181:  //initialize first player's turn
        7:  182:  state->outpostPlayed = 0;
        7:  183:  state->phase = 0;
        7:  184:  state->numActions = 1;
        7:  185:  state->numBuys = 1;
        7:  186:  state->playedCardCount = 0;
        7:  187:  state->whoseTurn = 0;
        7:  188:  state->handCount[state->whoseTurn] = 0;
        -:  189:  //int it; move to top
        -:  190:
        -:  191:  //Moved draw cards to here, only drawing at the start of a turn
       42:  192:  for (it = 0; it < 5; it++){
branch  0 taken 83%
branch  1 taken 17% (fallthrough)
       35:  193:    drawCard(state->whoseTurn, state);
call    0 returned 100%
        -:  194:  }
        -:  195:
        7:  196:  updateCoins(state->whoseTurn, state, 0);
call    0 returned 100%
        -:  197:
        7:  198:  return 0;
        -:  199:}
        -:  200:
function shuffle called 14 returned 100% blocks executed 94%
       14:  201:int shuffle(int player, struct gameState *state) {
        -:  202:
        -:  203:
        -:  204:  int newDeck[MAX_DECK];
       14:  205:  int newDeckPos = 0;
        -:  206:  int card;
        -:  207:  int i;
        -:  208:
       14:  209:  if (state->deckCount[player] < 1)
branch  0 taken 0% (fallthrough)
branch  1 taken 100%
    #####:  210:    return -1;
       14:  211:  qsort ((void*)(state->deck[player]), state->deckCount[player], sizeof(int), compare);
call    0 returned 100%
        -:  212:  /* SORT CARDS IN DECK TO ENSURE DETERMINISM! */
        -:  213:
      168:  214:  while (state->deckCount[player] > 0) {
branch  0 taken 91%
branch  1 taken 9% (fallthrough)
      140:  215:    card = floor(Random() * state->deckCount[player]);
call    0 returned 100%
      140:  216:    newDeck[newDeckPos] = state->deck[player][card];
      140:  217:    newDeckPos++;
      481:  218:    for (i = card; i < state->deckCount[player]-1; i++) {
branch  0 taken 71%
branch  1 taken 29% (fallthrough)
      341:  219:      state->deck[player][i] = state->deck[player][i+1];
        -:  220:    }
      140:  221:    state->deckCount[player]--;
        -:  222:  }
      154:  223:  for (i = 0; i < newDeckPos; i++) {
branch  0 taken 91%
branch  1 taken 9% (fallthrough)
      140:  224:    state->deck[player][i] = newDeck[i];
      140:  225:    state->deckCount[player]++;
        -:  226:  }
        -:  227:
       14:  228:  return 0;
        -:  229:}
        -:  230:
function playCard called 0 returned 0% blocks executed 0%
    #####:  231:int playCard(int handPos, int choice1, int choice2, int choice3, struct gameState *state)
        -:  232:{
        -:  233:  int card;
    #####:  234:  int coin_bonus = 0; 		//tracks coins gain from actions
        -:  235:
        -:  236:  //check if it is the right phase
    #####:  237:  if (state->phase != 0)
branch  0 never executed
branch  1 never executed
        -:  238:    {
    #####:  239:      return -1;
        -:  240:    }
        -:  241:
        -:  242:  //check if player has enough actions
    #####:  243:  if ( state->numActions < 1 )
branch  0 never executed
branch  1 never executed
        -:  244:    {
    #####:  245:      return -1;
        -:  246:    }
        -:  247:
        -:  248:  //get card played
    #####:  249:  card = handCard(handPos, state);
call    0 never executed
        -:  250:
        -:  251:  //check if selected card is an action
    #####:  252:  if ( card < adventurer || card > treasure_map )
branch  0 never executed
branch  1 never executed
branch  2 never executed
branch  3 never executed
        -:  253:    {
    #####:  254:      return -1;
        -:  255:    }
        -:  256:
        -:  257:  //play card
    #####:  258:  if ( cardEffect(card, choice1, choice2, choice3, state, handPos, &coin_bonus) < 0 )
call    0 never executed
branch  1 never executed
branch  2 never executed
        -:  259:    {
    #####:  260:      return -1;
        -:  261:    }
        -:  262:
        -:  263:  //reduce number of actions
    #####:  264:  state->numActions--;
        -:  265:
        -:  266:  //update coins (Treasure cards may be added with card draws)
    #####:  267:  updateCoins(state->whoseTurn, state, coin_bonus);
call    0 never executed
        -:  268:
    #####:  269:  return 0;
        -:  270:}
        -:  271:
function buyCard called 3 returned 100% blocks executed 93%
        3:  272:int buyCard(int supplyPos, struct gameState *state) {
        -:  273:  int who;
        -:  274:  if (DEBUG){
        -:  275:    printf("Entering buyCard...\n");
        -:  276:  }
        -:  277:
        -:  278:  // I don't know what to do about the phase thing.
        -:  279:
        3:  280:  who = state->whoseTurn;
        -:  281:
        3:  282:  if (state->numBuys < 1){
branch  0 taken 33% (fallthrough)
branch  1 taken 67%
        -:  283:    if (DEBUG)
        -:  284:      printf("You do not have any buys left\n");
        1:  285:    return -1;
        2:  286:  } else if (supplyCount(supplyPos, state) <1){
call    0 returned 100%
branch  1 taken 0% (fallthrough)
branch  2 taken 100%
        -:  287:    if (DEBUG)
        -:  288:      printf("There are not any of that type of card left\n");
    #####:  289:    return -1;
        2:  290:  } else if (state->coins < getCost(supplyPos)){
call    0 returned 100%
branch  1 taken 50% (fallthrough)
branch  2 taken 50%
        -:  291:    if (DEBUG)
        -:  292:      printf("You do not have enough money to buy that. You have %d coins.\n", state->coins);
        1:  293:    return -1;
        -:  294:  } else {
        1:  295:    state->phase=1;
        -:  296:    //state->supplyCount[supplyPos]--;
        1:  297:    gainCard(supplyPos, state, 0, who); //card goes in discard, this might be wrong.. (2 means goes into hand, 0 goes into discard)
call    0 returned 100%
        -:  298:
        1:  299:    state->coins = (state->coins) - (getCost(supplyPos));
call    0 returned 100%
        1:  300:    state->numBuys--;
        -:  301:    if (DEBUG)
        -:  302:      printf("You bought card number %d for %d coins. You now have %d buys and %d coins.\n", supplyPos, getCost(supplyPos), state->numBuys, state->coins);
        -:  303:  }
        -:  304:
        -:  305:  //state->discard[who][state->discardCount[who]] = supplyPos;
        -:  306:  //state->discardCount[who]++;
        -:  307:
        1:  308:  return 0;
        -:  309:}
        -:  310:
function numHandCards called 0 returned 0% blocks executed 0%
    #####:  311:int numHandCards(struct gameState *state) {
    #####:  312:  return state->handCount[ whoseTurn(state) ];
call    0 never executed
        -:  313:}
        -:  314:
function handCard called 0 returned 0% blocks executed 0%
    #####:  315:int handCard(int handPos, struct gameState *state) {
    #####:  316:  int currentPlayer = whoseTurn(state);
call    0 never executed
    #####:  317:  return state->hand[currentPlayer][handPos];
        -:  318:}
        -:  319:
function supplyCount called 5 returned 100% blocks executed 100%
        5:  320:int supplyCount(int card, struct gameState *state) {
        5:  321:  return state->supplyCount[card];
        -:  322:}
        -:  323:
function fullDeckCount called 3 returned 100% blocks executed 100%
        3:  324:int fullDeckCount(int player, int card, struct gameState *state) {
        -:  325:  int i;
        3:  326:  int count = 0;
        -:  327:
       13:  328:  for (i = 0; i < state->deckCount[player]; i++)
branch  0 taken 77%
branch  1 taken 23% (fallthrough)
        -:  329:    {
       10:  330:      if (state->deck[player][i] == card) count++;
branch  0 taken 50% (fallthrough)
branch  1 taken 50%
        -:  331:    }
        -:  332:
       13:  333:  for (i = 0; i < state->handCount[player]; i++)
branch  0 taken 77%
branch  1 taken 23% (fallthrough)
        -:  334:    {
       10:  335:      if (state->hand[player][i] == card) count++;
branch  0 taken 50% (fallthrough)
branch  1 taken 50%
        -:  336:    }
        -:  337:
        7:  338:  for (i = 0; i < state->discardCount[player]; i++)
branch  0 taken 57%
branch  1 taken 43% (fallthrough)
        -:  339:    {
        4:  340:      if (state->discard[player][i] == card) count++;
branch  0 taken 50% (fallthrough)
branch  1 taken 50%
        -:  341:    }
        -:  342:
        3:  343:  return count;
        -:  344:}
        -:  345:
function whoseTurn called 4 returned 100% blocks executed 100%
        4:  346:int whoseTurn(struct gameState *state) {
        4:  347:  return state->whoseTurn;
        -:  348:}
        -:  349:
function endTurn called 0 returned 0% blocks executed 0%
    #####:  350:int endTurn(struct gameState *state) {
        -:  351:  int k;
        -:  352:  int i;
    #####:  353:  int currentPlayer = whoseTurn(state);
call    0 never executed
        -:  354:
        -:  355:  //Discard hand
    #####:  356:  for (i = 0; i < state->handCount[currentPlayer]; i++){
branch  0 never executed
branch  1 never executed
    #####:  357:    state->discard[currentPlayer][state->discardCount[currentPlayer]++] = state->hand[currentPlayer][i];//Discard
    #####:  358:    state->hand[currentPlayer][i] = -1;//Set card to -1
        -:  359:  }
    #####:  360:  state->handCount[currentPlayer] = 0;//Reset hand count
        -:  361:
        -:  362:  //Code for determining the player
    #####:  363:  if (currentPlayer < (state->numPlayers - 1)){
branch  0 never executed
branch  1 never executed
    #####:  364:    state->whoseTurn = currentPlayer + 1;//Still safe to increment
        -:  365:  }
        -:  366:  else{
    #####:  367:    state->whoseTurn = 0;//Max player has been reached, loop back around to player 1
        -:  368:  }
        -:  369:
    #####:  370:  state->outpostPlayed = 0;
    #####:  371:  state->phase = 0;
    #####:  372:  state->numActions = 1;
    #####:  373:  state->coins = 0;
    #####:  374:  state->numBuys = 1;
    #####:  375:  state->playedCardCount = 0;
    #####:  376:  state->handCount[state->whoseTurn] = 0;
        -:  377:
        -:  378:  //int k; move to top
        -:  379:  //Next player draws hand
    #####:  380:  for (k = 0; k < 5; k++){
branch  0 never executed
branch  1 never executed
    #####:  381:    drawCard(state->whoseTurn, state);//Draw a card
call    0 never executed
        -:  382:  }
        -:  383:
        -:  384:  //Update money
    #####:  385:  updateCoins(state->whoseTurn, state , 0);
call    0 never executed
        -:  386:
    #####:  387:  return 0;
        -:  388:}
        -:  389:
function isGameOver called 0 returned 0% blocks executed 0%
    #####:  390:int isGameOver(struct gameState *state) {
        -:  391:  int i;
        -:  392:  int j;
        -:  393:
        -:  394:  //if stack of Province cards is empty, the game ends
    #####:  395:  if (state->supplyCount[province] == 0)
branch  0 never executed
branch  1 never executed
        -:  396:    {
    #####:  397:      return 1;
        -:  398:    }
        -:  399:
        -:  400:  //if three supply pile are at 0, the game ends
    #####:  401:  j = 0;
    #####:  402:  for (i = 0; i < 25; i++)
branch  0 never executed
branch  1 never executed
        -:  403:    {
    #####:  404:      if (state->supplyCount[i] == 0)
branch  0 never executed
branch  1 never executed
        -:  405:	{
    #####:  406:	  j++;
        -:  407:	}
        -:  408:    }
    #####:  409:  if ( j >= 3)
branch  0 never executed
branch  1 never executed
        -:  410:    {
    #####:  411:      return 1;
        -:  412:    }
        -:  413:
    #####:  414:  return 0;
        -:  415:}
        -:  416:
function scoreFor called 0 returned 0% blocks executed 0%
    #####:  417:int scoreFor (int player, struct gameState *state) {
        -:  418:
        -:  419:  int i;
    #####:  420:  int score = 0;
        -:  421:  //score from hand
    #####:  422:  for (i = 0; i < state->handCount[player]; i++)
branch  0 never executed
branch  1 never executed
        -:  423:    {
    #####:  424:      if (state->hand[player][i] == curse) { score = score - 1; };
branch  0 never executed
branch  1 never executed
    #####:  425:      if (state->hand[player][i] == estate) { score = score + 1; };
branch  0 never executed
branch  1 never executed
    #####:  426:      if (state->hand[player][i] == duchy) { score = score + 3; };
branch  0 never executed
branch  1 never executed
    #####:  427:      if (state->hand[player][i] == province) { score = score + 6; };
branch  0 never executed
branch  1 never executed
    #####:  428:      if (state->hand[player][i] == great_hall) { score = score + 1; };
branch  0 never executed
branch  1 never executed
    #####:  429:      if (state->hand[player][i] == gardens) { score = score + ( fullDeckCount(player, 0, state) / 10 ); };
branch  0 never executed
branch  1 never executed
call    2 never executed
        -:  430:    }
        -:  431:
        -:  432:  //score from discard
    #####:  433:  for (i = 0; i < state->discardCount[player]; i++)
branch  0 never executed
branch  1 never executed
        -:  434:    {
    #####:  435:      if (state->discard[player][i] == curse) { score = score - 1; };
branch  0 never executed
branch  1 never executed
    #####:  436:      if (state->discard[player][i] == estate) { score = score + 1; };
branch  0 never executed
branch  1 never executed
    #####:  437:      if (state->discard[player][i] == duchy) { score = score + 3; };
branch  0 never executed
branch  1 never executed
    #####:  438:      if (state->discard[player][i] == province) { score = score + 6; };
branch  0 never executed
branch  1 never executed
    #####:  439:      if (state->discard[player][i] == great_hall) { score = score + 1; };
branch  0 never executed
branch  1 never executed
    #####:  440:      if (state->discard[player][i] == gardens) { score = score + ( fullDeckCount(player, 0, state) / 10 ); };
branch  0 never executed
branch  1 never executed
call    2 never executed
        -:  441:    }
        -:  442:
        -:  443:  //score from deck
    #####:  444:  for (i = 0; i < state->discardCount[player]; i++)
branch  0 never executed
branch  1 never executed
        -:  445:    {
    #####:  446:      if (state->deck[player][i] == curse) { score = score - 1; };
branch  0 never executed
branch  1 never executed
    #####:  447:      if (state->deck[player][i] == estate) { score = score + 1; };
branch  0 never executed
branch  1 never executed
    #####:  448:      if (state->deck[player][i] == duchy) { score = score + 3; };
branch  0 never executed
branch  1 never executed
    #####:  449:      if (state->deck[player][i] == province) { score = score + 6; };
branch  0 never executed
branch  1 never executed
    #####:  450:      if (state->deck[player][i] == great_hall) { score = score + 1; };
branch  0 never executed
branch  1 never executed
    #####:  451:      if (state->deck[player][i] == gardens) { score = score + ( fullDeckCount(player, 0, state) / 10 ); };
branch  0 never executed
branch  1 never executed
call    2 never executed
        -:  452:    }
        -:  453:
    #####:  454:  return score;
        -:  455:}
        -:  456:
function getWinners called 0 returned 0% blocks executed 0%
    #####:  457:int getWinners(int players[MAX_PLAYERS], struct gameState *state) {
        -:  458:  int i;
        -:  459:  int j;
        -:  460:  int highScore;
        -:  461:  int currentPlayer;
        -:  462:
        -:  463:  //get score for each player
    #####:  464:  for (i = 0; i < MAX_PLAYERS; i++)
branch  0 never executed
branch  1 never executed
        -:  465:    {
        -:  466:      //set unused player scores to -9999
    #####:  467:      if (i >= state->numPlayers)
branch  0 never executed
branch  1 never executed
        -:  468:	{
    #####:  469:	  players[i] = -9999;
        -:  470:	}
        -:  471:      else
        -:  472:	{
    #####:  473:	  players[i] = scoreFor (i, state);
call    0 never executed
        -:  474:	}
        -:  475:    }
        -:  476:
        -:  477:  //find highest score
    #####:  478:  j = 0;
    #####:  479:  for (i = 0; i < MAX_PLAYERS; i++)
branch  0 never executed
branch  1 never executed
        -:  480:    {
    #####:  481:      if (players[i] > players[j])
branch  0 never executed
branch  1 never executed
        -:  482:	{
    #####:  483:	  j = i;
        -:  484:	}
        -:  485:    }
    #####:  486:  highScore = players[j];
        -:  487:
        -:  488:  //add 1 to players who had less turns
    #####:  489:  currentPlayer = whoseTurn(state);
call    0 never executed
    #####:  490:  for (i = 0; i < MAX_PLAYERS; i++)
branch  0 never executed
branch  1 never executed
        -:  491:    {
    #####:  492:      if ( players[i] == highScore && i > currentPlayer )
branch  0 never executed
branch  1 never executed
branch  2 never executed
branch  3 never executed
        -:  493:	{
    #####:  494:	  players[i]++;
        -:  495:	}
        -:  496:    }
        -:  497:
        -:  498:  //find new highest score
    #####:  499:  j = 0;
    #####:  500:  for (i = 0; i < MAX_PLAYERS; i++)
branch  0 never executed
branch  1 never executed
        -:  501:    {
    #####:  502:      if ( players[i] > players[j] )
branch  0 never executed
branch  1 never executed
        -:  503:	{
    #####:  504:	  j = i;
        -:  505:	}
        -:  506:    }
    #####:  507:  highScore = players[j];
        -:  508:
        -:  509:  //set winners in array to 1 and rest to 0
    #####:  510:  for (i = 0; i < MAX_PLAYERS; i++)
branch  0 never executed
branch  1 never executed
        -:  511:    {
    #####:  512:      if ( players[i] == highScore )
branch  0 never executed
branch  1 never executed
        -:  513:	{
    #####:  514:	  players[i] = 1;
        -:  515:	}
        -:  516:      else
        -:  517:	{
    #####:  518:	  players[i] = 0;
        -:  519:	}
        -:  520:    }
        -:  521:
    #####:  522:  return 0;
        -:  523:}
        -:  524:
function drawCard called 50 returned 100% blocks executed 38%
       50:  525:int drawCard(int player, struct gameState *state)
        -:  526:{	int count;
        -:  527:  int deckCounter;
       50:  528:  if (state->deckCount[player] <= 0){//Deck is empty
branch  0 taken 0% (fallthrough)
branch  1 taken 100%
        -:  529:
        -:  530:    //Step 1 Shuffle the discard pile back into a deck
        -:  531:    int i;
        -:  532:    //Move discard to deck
    #####:  533:    for (i = 0; i < state->discardCount[player];i++){
branch  0 never executed
branch  1 never executed
    #####:  534:      state->deck[player][i] = state->discard[player][i];
    #####:  535:      state->discard[player][i] = -1;
        -:  536:    }
        -:  537:
    #####:  538:    state->deckCount[player] = state->discardCount[player];
    #####:  539:    state->discardCount[player] = 0;//Reset discard
        -:  540:
        -:  541:    //Shufffle the deck
    #####:  542:    shuffle(player, state);//Shuffle the deck up and make it so that we can draw
call    0 never executed
        -:  543:
        -:  544:    if (DEBUG){//Debug statements
        -:  545:      printf("Deck count now: %d\n", state->deckCount[player]);
        -:  546:    }
        -:  547:
    #####:  548:    state->discardCount[player] = 0;
        -:  549:
        -:  550:    //Step 2 Draw Card
    #####:  551:    count = state->handCount[player];//Get current player's hand count
        -:  552:
        -:  553:    if (DEBUG){//Debug statements
        -:  554:      printf("Current hand count: %d\n", count);
        -:  555:    }
        -:  556:
    #####:  557:    deckCounter = state->deckCount[player];//Create a holder for the deck count
        -:  558:
    #####:  559:    if (deckCounter == 0)
branch  0 never executed
branch  1 never executed
    #####:  560:      return -1;
        -:  561:
    #####:  562:    state->hand[player][count] = state->deck[player][deckCounter - 1];//Add card to hand
    #####:  563:    state->deckCount[player]--;
    #####:  564:    state->handCount[player]++;//Increment hand count
        -:  565:  }
        -:  566:
        -:  567:  else{
       50:  568:    int count = state->handCount[player];//Get current hand count for player
        -:  569:    int deckCounter;
        -:  570:    if (DEBUG){//Debug statements
        -:  571:      printf("Current hand count: %d\n", count);
        -:  572:    }
        -:  573:
       50:  574:    deckCounter = state->deckCount[player];//Create holder for the deck count
       50:  575:    state->hand[player][count] = state->deck[player][deckCounter - 1];//Add card to the hand
       50:  576:    state->deckCount[player]--;
       50:  577:    state->handCount[player]++;//Increment hand count
        -:  578:  }
        -:  579:
       50:  580:  return 0;
        -:  581:}
        -:  582:
function getCost called 31 returned 100% blocks executed 100%
       31:  583:int getCost(int cardNumber)
        -:  584:{
       31:  585:  switch( cardNumber )
branch  0 taken 3%
branch  1 taken 3%
branch  2 taken 3%
branch  3 taken 3%
branch  4 taken 3%
branch  5 taken 3%
branch  6 taken 3%
branch  7 taken 3%
branch  8 taken 3%
branch  9 taken 13%
branch 10 taken 3%
branch 11 taken 3%
branch 12 taken 3%
branch 13 taken 3%
branch 14 taken 3%
branch 15 taken 3%
branch 16 taken 3%
branch 17 taken 3%
branch 18 taken 3%
branch 19 taken 3%
branch 20 taken 3%
branch 21 taken 3%
branch 22 taken 3%
branch 23 taken 3%
branch 24 taken 3%
branch 25 taken 3%
branch 26 taken 3%
branch 27 taken 3%
        -:  586:    {
        -:  587:    case curse:
        1:  588:      return 0;
        -:  589:    case estate:
        1:  590:      return 2;
        -:  591:    case duchy:
        1:  592:      return 5;
        -:  593:    case province:
        1:  594:      return 8;
        -:  595:    case copper:
        1:  596:      return 0;
        -:  597:    case silver:
        1:  598:      return 3;
        -:  599:    case gold:
        1:  600:      return 6;
        -:  601:    case adventurer:
        1:  602:      return 6;
        -:  603:    case council_room:
        1:  604:      return 5;
        -:  605:    case feast:
        4:  606:      return 4;
        -:  607:    case gardens:
        1:  608:      return 4;
        -:  609:    case mine:
        1:  610:      return 5;
        -:  611:    case remodel:
        1:  612:      return 4;
        -:  613:    case smithy:
        1:  614:      return 4;
        -:  615:    case village:
        1:  616:      return 3;
        -:  617:    case baron:
        1:  618:      return 4;
        -:  619:    case great_hall:
        1:  620:      return 3;
        -:  621:    case minion:
        1:  622:      return 5;
        -:  623:    case steward:
        1:  624:      return 3;
        -:  625:    case tribute:
        1:  626:      return 5;
        -:  627:    case ambassador:
        1:  628:      return 3;
        -:  629:    case cutpurse:
        1:  630:      return 4;
        -:  631:    case embargo:
        1:  632:      return 2;
        -:  633:    case outpost:
        1:  634:      return 5;
        -:  635:    case salvager:
        1:  636:      return 4;
        -:  637:    case sea_hag:
        1:  638:      return 4;
        -:  639:    case treasure_map:
        1:  640:      return 4;
        -:  641:    }
        -:  642:
        1:  643:  return -1;
        -:  644:}
        -:  645:
        -:  646:// refactored adventurer case function
function adventurerEffect called 1 returned 100% blocks executed 67%
        1:  647:int adventurerEffect(int currentPlayer, int drawntreasure, int temphand[], struct gameState* state, int handPos) {
        1:  648:    int z = 0, cardDrawn;
        -:  649:
        6:  650:    while(drawntreasure<4){
branch  0 taken 80%
branch  1 taken 20% (fallthrough)
        4:  651:      if (state->deckCount[currentPlayer] <1){//if the deck is empty we need to shuffle discard and add to deck
branch  0 taken 0% (fallthrough)
branch  1 taken 100%
    #####:  652:        shuffle(currentPlayer, state);
call    0 never executed
        -:  653:      }
        4:  654:      drawCard(currentPlayer, state);
call    0 returned 100%
        4:  655:      cardDrawn = state->hand[currentPlayer][state->handCount[currentPlayer]-2];//top card of hand is most recently drawn card.
        4:  656:      if (cardDrawn == copper || cardDrawn == silver || cardDrawn == gold)
branch  0 taken 0% (fallthrough)
branch  1 taken 100%
branch  2 never executed
branch  3 never executed
branch  4 never executed
branch  5 never executed
        4:  657:        drawntreasure++;
        -:  658:      else{
    #####:  659:        temphand[z]=cardDrawn;
    #####:  660:        state->handCount[currentPlayer]--; //this should just remove the top card (the most recently drawn one).
    #####:  661:        z++;
        -:  662:      }
        -:  663:    }
        2:  664:    while(z-1>=0){
branch  0 taken 0%
branch  1 taken 100% (fallthrough)
    #####:  665:      state->discard[currentPlayer][state->discardCount[currentPlayer]++]=temphand[z-1]; // discard all cards in play that have been drawn
    #####:  666:      z=z-1;
        -:  667:    }
        -:  668:
        1:  669:    return 0;
        -:  670:
        -:  671:}
        -:  672:
        -:  673:// refactored smithy case function
function smithyEffect called 1 returned 100% blocks executed 100%
        1:  674:int smithyEffect(int currentPlayer, struct gameState* state, int handPos) {
        -:  675:
        -:  676:    int i;
        -:  677:
        -:  678:    //+3 Cards
        6:  679:    for (i = 0; i < 5; i++)
branch  0 taken 83%
branch  1 taken 17% (fallthrough)
        -:  680:    {
        5:  681:      drawCard(currentPlayer, state);
call    0 returned 100%
        -:  682:    }
        -:  683:
        -:  684:    //discard card from hand
        1:  685:    discardCard(handPos, currentPlayer, state, 2);
call    0 returned 100%
        -:  686:
        1:  687:    return 0;
        -:  688:
        -:  689:}
        -:  690:
        -:  691:// refactored village case function
function villageEffect called 1 returned 100% blocks executed 100%
        1:  692:int villageEffect(int currentPlayer, struct gameState* state, int handPos) {
        -:  693:
        -:  694:    //+1 Card
        1:  695:    drawCard(currentPlayer, state);
call    0 returned 100%
        -:  696:
        -:  697:    //+2 Actions
        1:  698:    state->numActions = state->numActions;
        -:  699:
        -:  700:    //discard played card from hand
        1:  701:    discardCard(handPos, currentPlayer, state, 0);
call    0 returned 100%
        -:  702:
        1:  703:    return 0;
        -:  704:
        -:  705:}
        -:  706:
        -:  707:// refactored Great Hall case function
function great_hallEffect called 0 returned 0% blocks executed 0%
    #####:  708:int great_hallEffect(int currentPlayer, struct gameState* state, int handPos) {
        -:  709:
        -:  710:    //+1 Card
    #####:  711:    drawCard(currentPlayer, state);
call    0 never executed
        -:  712:
        -:  713:    //+1 Actions
    #####:  714:    state->numActions++;
        -:  715:
        -:  716:    //discard card from hand
    #####:  717:    discardCard(handPos, currentPlayer, state, 0);
call    0 never executed
        -:  718:
    #####:  719:    return 0;
        -:  720:
        -:  721:}
        -:  722:
        -:  723:// refactored steward case function
function stewardEffect called 0 returned 0% blocks executed 0%
    #####:  724:int stewardEffect(int choice1, int choice2, int choice3, int currentPlayer, struct gameState* state, int handPos) {
        -:  725:
    #####:  726:    if (choice1 == 2)
branch  0 never executed
branch  1 never executed
        -:  727:    {
        -:  728:      //+2 cards
    #####:  729:      drawCard(currentPlayer, state);
call    0 never executed
    #####:  730:      drawCard(currentPlayer, state);
call    0 never executed
        -:  731:    }
    #####:  732:    else if (choice1 == 2)
branch  0 never executed
branch  1 never executed
        -:  733:    {
        -:  734:      //+2 coins
    #####:  735:      state->coins = state->coins + 2;
        -:  736:    }
        -:  737:    else
        -:  738:    {
        -:  739:      //trash 2 cards in hand
    #####:  740:      discardCard(choice2, currentPlayer, state, 1);
call    0 never executed
    #####:  741:      discardCard(choice3, currentPlayer, state, 1);
call    0 never executed
        -:  742:    }
        -:  743:
        -:  744:    //discard card from hand
    #####:  745:    discardCard(handPos, currentPlayer, state, 0);
call    0 never executed
        -:  746:
    #####:  747:    return 0;
        -:  748:
        -:  749:}
        -:  750:
function cardEffect called 4 returned 100% blocks executed 8%
        4:  751:int cardEffect(int card, int choice1, int choice2, int choice3, struct gameState *state, int handPos, int *bonus)
        -:  752:{
        -:  753:  int i;
        -:  754:  int j;
        -:  755:  int k;
        -:  756:  int x;
        -:  757:  int index;
        4:  758:  int currentPlayer = whoseTurn(state);
call    0 returned 100%
        4:  759:  int nextPlayer = currentPlayer + 1;
        -:  760:
        4:  761:  int tributeRevealedCards[2] = {-1, -1};
        -:  762:  int temphand[MAX_HAND];// moved above the if statement
        4:  763:  int drawntreasure=0;
        -:  764://  int cardDrawn;
        -:  765://  int z = 0;// this is the counter for the temp hand
        4:  766:  if (nextPlayer > (state->numPlayers - 1)){
branch  0 taken 0% (fallthrough)
branch  1 taken 100%
    #####:  767:    nextPlayer = 0;
        -:  768:  }
        -:  769:
        -:  770:
        -:  771:  //uses switch to select card and perform actions
        4:  772:  switch( card )
branch  0 taken 25%
branch  1 taken 25%
branch  2 taken 0%
branch  3 taken 0%
branch  4 taken 0%
branch  5 taken 0%
branch  6 taken 25%
branch  7 taken 25%
branch  8 taken 0%
branch  9 taken 0%
branch 10 taken 0%
branch 11 taken 0%
branch 12 taken 0%
branch 13 taken 0%
branch 14 taken 0%
branch 15 taken 0%
branch 16 taken 0%
branch 17 taken 0%
branch 18 taken 0%
branch 19 taken 0%
branch 20 taken 0%
        -:  773:    {
        -:  774:    case adventurer:
        1:  775:      return adventurerEffect(currentPlayer, drawntreasure, temphand, state, handPos);
call    0 returned 100%
        -:  776:
        -:  777:    case council_room:
        -:  778:      //+4 Cards
        5:  779:      for (i = 0; i < 4; i++)
branch  0 taken 80%
branch  1 taken 20% (fallthrough)
        -:  780:	{
        4:  781:	  drawCard(currentPlayer, state);
call    0 returned 100%
        -:  782:	}
        -:  783:
        -:  784:      //+1 Buy
        1:  785:      state->numBuys++;
        -:  786:
        -:  787:      //Each other player draws a card
        3:  788:      for (i = 0; i < state->numPlayers; i++)
branch  0 taken 67%
branch  1 taken 33% (fallthrough)
        -:  789:	{
        2:  790:	  if ( i != currentPlayer )
branch  0 taken 50% (fallthrough)
branch  1 taken 50%
        -:  791:	    {
        1:  792:	      drawCard(i, state);
call    0 returned 100%
        -:  793:	    }
        -:  794:	}
        -:  795:
        -:  796:      //put played card in played card pile
        1:  797:      discardCard(handPos, currentPlayer, state, 0);
call    0 returned 100%
        -:  798:
        1:  799:      return 0;
        -:  800:
        -:  801:    case feast:
        -:  802:      //gain card with cost up to 5
        -:  803:      //Backup hand
    #####:  804:      for (i = 0; i <= state->handCount[currentPlayer]; i++){
branch  0 never executed
branch  1 never executed
    #####:  805:	temphand[i] = state->hand[currentPlayer][i];//Backup card
    #####:  806:	state->hand[currentPlayer][i] = -1;//Set to nothing
        -:  807:      }
        -:  808:      //Backup hand
        -:  809:
        -:  810:      //Update Coins for Buy
    #####:  811:      updateCoins(currentPlayer, state, 5);
call    0 never executed
    #####:  812:      x = 1;//Condition to loop on
    #####:  813:      while( x == 1) {//Buy one card
branch  0 never executed
branch  1 never executed
    #####:  814:	if (supplyCount(choice1, state) <= 0){
call    0 never executed
branch  1 never executed
branch  2 never executed
        -:  815:	  if (DEBUG)
        -:  816:	    printf("None of that card left, sorry!\n");
        -:  817:
        -:  818:	  if (DEBUG){
        -:  819:	    printf("Cards Left: %d\n", supplyCount(choice1, state));
        -:  820:	  }
        -:  821:	}
    #####:  822:	else if (state->coins < getCost(choice1)){
call    0 never executed
branch  1 never executed
branch  2 never executed
    #####:  823:	  printf("That card is too expensive!\n");
call    0 never executed
        -:  824:
        -:  825:	  if (DEBUG){
        -:  826:	    printf("Coins: %d < %d\n", state->coins, getCost(choice1));
        -:  827:	  }
        -:  828:	}
        -:  829:	else{
        -:  830:
        -:  831:	  if (DEBUG){
        -:  832:	    printf("Deck Count: %d\n", state->handCount[currentPlayer] + state->deckCount[currentPlayer] + state->discardCount[currentPlayer]);
        -:  833:	  }
        -:  834:
    #####:  835:	  gainCard(choice1, state, 0, currentPlayer);//Gain the card
call    0 never executed
    #####:  836:	  x = 0;//No more buying cards
        -:  837:
        -:  838:	  if (DEBUG){
        -:  839:	    printf("Deck Count: %d\n", state->handCount[currentPlayer] + state->deckCount[currentPlayer] + state->discardCount[currentPlayer]);
        -:  840:	  }
        -:  841:
        -:  842:	}
        -:  843:      }
        -:  844:
        -:  845:      //Reset Hand
    #####:  846:      for (i = 0; i <= state->handCount[currentPlayer]; i++){
branch  0 never executed
branch  1 never executed
    #####:  847:	state->hand[currentPlayer][i] = temphand[i];
    #####:  848:	temphand[i] = -1;
        -:  849:      }
        -:  850:      //Reset Hand
        -:  851:
    #####:  852:      return 0;
        -:  853:
        -:  854:    case gardens:
    #####:  855:      return -1;
        -:  856:
        -:  857:    case mine:
    #####:  858:      j = state->hand[currentPlayer][choice1];  //store card we will trash
        -:  859:
    #####:  860:      if (state->hand[currentPlayer][choice1] < copper || state->hand[currentPlayer][choice1] > gold)
branch  0 never executed
branch  1 never executed
branch  2 never executed
branch  3 never executed
        -:  861:	{
    #####:  862:	  return -1;
        -:  863:	}
        -:  864:
    #####:  865:      if (choice2 > treasure_map || choice2 < curse)
branch  0 never executed
branch  1 never executed
branch  2 never executed
branch  3 never executed
        -:  866:	{
    #####:  867:	  return -1;
        -:  868:	}
        -:  869:
    #####:  870:      if ( (getCost(state->hand[currentPlayer][choice1]) + 3) > getCost(choice2) )
call    0 never executed
call    1 never executed
branch  2 never executed
branch  3 never executed
        -:  871:	{
    #####:  872:	  return -1;
        -:  873:	}
        -:  874:
    #####:  875:      gainCard(choice2, state, 2, currentPlayer);
call    0 never executed
        -:  876:
        -:  877:      //discard card from hand
    #####:  878:      discardCard(handPos, currentPlayer, state, 0);
call    0 never executed
        -:  879:
        -:  880:      //discard trashed card
    #####:  881:      for (i = 0; i < state->handCount[currentPlayer]; i++)
branch  0 never executed
branch  1 never executed
        -:  882:	{
    #####:  883:	  if (state->hand[currentPlayer][i] == j)
branch  0 never executed
branch  1 never executed
        -:  884:	    {
    #####:  885:	      discardCard(i, currentPlayer, state, 0);
call    0 never executed
    #####:  886:	      break;
        -:  887:	    }
        -:  888:	}
        -:  889:
    #####:  890:      return 0;
        -:  891:
        -:  892:    case remodel:
    #####:  893:      j = state->hand[currentPlayer][choice1];  //store card we will trash
        -:  894:
    #####:  895:      if ( (getCost(state->hand[currentPlayer][choice1]) + 2) > getCost(choice2) )
call    0 never executed
call    1 never executed
branch  2 never executed
branch  3 never executed
        -:  896:	{
    #####:  897:	  return -1;
        -:  898:	}
        -:  899:
    #####:  900:      gainCard(choice2, state, 0, currentPlayer);
call    0 never executed
        -:  901:
        -:  902:      //discard card from hand
    #####:  903:      discardCard(handPos, currentPlayer, state, 0);
call    0 never executed
        -:  904:
        -:  905:      //discard trashed card
    #####:  906:      for (i = 0; i < state->handCount[currentPlayer]; i++)
branch  0 never executed
branch  1 never executed
        -:  907:	{
    #####:  908:	  if (state->hand[currentPlayer][i] == j)
branch  0 never executed
branch  1 never executed
        -:  909:	    {
    #####:  910:	      discardCard(i, currentPlayer, state, 0);
call    0 never executed
    #####:  911:	      break;
        -:  912:	    }
        -:  913:	}
        -:  914:
        -:  915:
    #####:  916:      return 0;
        -:  917:
        -:  918:    case smithy:
        1:  919:      return smithyEffect(currentPlayer, state, handPos);
call    0 returned 100%
        -:  920:
        -:  921:    case village:
        1:  922:      return villageEffect(currentPlayer, state, handPos);
call    0 returned 100%
        -:  923:
        -:  924:    case baron:
    #####:  925:      state->numBuys++;//Increase buys by 1!
    #####:  926:      if (choice1 > 0){//Boolean true or going to discard an estate
branch  0 never executed
branch  1 never executed
    #####:  927:	int p = 0;//Iterator for hand!
    #####:  928:	int card_not_discarded = 1;//Flag for discard set!
    #####:  929:	while(card_not_discarded){
branch  0 never executed
branch  1 never executed
    #####:  930:	  if (state->hand[currentPlayer][p] == estate){//Found an estate card!
branch  0 never executed
branch  1 never executed
    #####:  931:	    state->coins += 4;//Add 4 coins to the amount of coins
    #####:  932:	    state->discard[currentPlayer][state->discardCount[currentPlayer]] = state->hand[currentPlayer][p];
    #####:  933:	    state->discardCount[currentPlayer]++;
    #####:  934:	    for (;p < state->handCount[currentPlayer]; p++){
branch  0 never executed
branch  1 never executed
    #####:  935:	      state->hand[currentPlayer][p] = state->hand[currentPlayer][p+1];
        -:  936:	    }
    #####:  937:	    state->hand[currentPlayer][state->handCount[currentPlayer]] = -1;
    #####:  938:	    state->handCount[currentPlayer]--;
    #####:  939:	    card_not_discarded = 0;//Exit the loop
        -:  940:	  }
    #####:  941:	  else if (p > state->handCount[currentPlayer]){
branch  0 never executed
branch  1 never executed
        -:  942:	    if(DEBUG) {
        -:  943:	      printf("No estate cards in your hand, invalid choice\n");
        -:  944:	      printf("Must gain an estate if there are any\n");
        -:  945:	    }
    #####:  946:	    if (supplyCount(estate, state) > 0){
call    0 never executed
branch  1 never executed
branch  2 never executed
    #####:  947:	      gainCard(estate, state, 0, currentPlayer);
call    0 never executed
    #####:  948:	      state->supplyCount[estate]--;//Decrement estates
    #####:  949:	      if (supplyCount(estate, state) == 0){
call    0 never executed
branch  1 never executed
branch  2 never executed
    #####:  950:		isGameOver(state);
call    0 never executed
        -:  951:	      }
        -:  952:	    }
    #####:  953:	    card_not_discarded = 0;//Exit the loop
        -:  954:	  }
        -:  955:
        -:  956:	  else{
    #####:  957:	    p++;//Next card
        -:  958:	  }
        -:  959:	}
        -:  960:      }
        -:  961:
        -:  962:      else{
    #####:  963:	if (supplyCount(estate, state) > 0){
call    0 never executed
branch  1 never executed
branch  2 never executed
    #####:  964:	  gainCard(estate, state, 0, currentPlayer);//Gain an estate
call    0 never executed
    #####:  965:	  state->supplyCount[estate]--;//Decrement Estates
    #####:  966:	  if (supplyCount(estate, state) == 0){
call    0 never executed
branch  1 never executed
branch  2 never executed
    #####:  967:	    isGameOver(state);
call    0 never executed
        -:  968:	  }
        -:  969:	}
        -:  970:      }
        -:  971:
        -:  972:
    #####:  973:      return 0;
        -:  974:
        -:  975:    case great_hall:
    #####:  976:      return great_hallEffect(currentPlayer, state, handPos);
call    0 never executed
        -:  977:
        -:  978:    case minion:
        -:  979:      //+1 action
    #####:  980:      state->numActions++;
        -:  981:
        -:  982:      //discard card from hand
    #####:  983:      discardCard(handPos, currentPlayer, state, 0);
call    0 never executed
        -:  984:
    #####:  985:      if (choice1)		//+2 coins
branch  0 never executed
branch  1 never executed
        -:  986:	{
    #####:  987:	  state->coins = state->coins + 2;
        -:  988:	}
        -:  989:
    #####:  990:      else if (choice2)		//discard hand, redraw 4, other players with 5+ cards discard hand and draw 4
branch  0 never executed
branch  1 never executed
        -:  991:	{
        -:  992:	  //discard hand
    #####:  993:	  while(numHandCards(state) > 0)
call    0 never executed
branch  1 never executed
branch  2 never executed
        -:  994:	    {
    #####:  995:	      discardCard(handPos, currentPlayer, state, 0);
call    0 never executed
        -:  996:	    }
        -:  997:
        -:  998:	  //draw 4
    #####:  999:	  for (i = 0; i < 4; i++)
branch  0 never executed
branch  1 never executed
        -: 1000:	    {
    #####: 1001:	      drawCard(currentPlayer, state);
call    0 never executed
        -: 1002:	    }
        -: 1003:
        -: 1004:	  //other players discard hand and redraw if hand size > 4
    #####: 1005:	  for (i = 0; i < state->numPlayers; i++)
branch  0 never executed
branch  1 never executed
        -: 1006:	    {
    #####: 1007:	      if (i != currentPlayer)
branch  0 never executed
branch  1 never executed
        -: 1008:		{
    #####: 1009:		  if ( state->handCount[i] > 4 )
branch  0 never executed
branch  1 never executed
        -: 1010:		    {
        -: 1011:		      //discard hand
    #####: 1012:		      while( state->handCount[i] > 0 )
branch  0 never executed
branch  1 never executed
        -: 1013:			{
    #####: 1014:			  discardCard(handPos, i, state, 0);
call    0 never executed
        -: 1015:			}
        -: 1016:
        -: 1017:		      //draw 4
    #####: 1018:		      for (j = 0; j < 4; j++)
branch  0 never executed
branch  1 never executed
        -: 1019:			{
    #####: 1020:			  drawCard(i, state);
call    0 never executed
        -: 1021:			}
        -: 1022:		    }
        -: 1023:		}
        -: 1024:	    }
        -: 1025:
        -: 1026:	}
    #####: 1027:      return 0;
        -: 1028:
        -: 1029:    case steward:
    #####: 1030:      return stewardEffect(choice1, choice2, choice3, currentPlayer, state, handPos);
call    0 never executed
        -: 1031:
        -: 1032:    case tribute:
    #####: 1033:      if ((state->discardCount[nextPlayer] + state->deckCount[nextPlayer]) <= 1){
branch  0 never executed
branch  1 never executed
    #####: 1034:	if (state->deckCount[nextPlayer] > 0){
branch  0 never executed
branch  1 never executed
    #####: 1035:	  tributeRevealedCards[0] = state->deck[nextPlayer][state->deckCount[nextPlayer]-1];
    #####: 1036:	  state->deckCount[nextPlayer]--;
        -: 1037:	}
    #####: 1038:	else if (state->discardCount[nextPlayer] > 0){
branch  0 never executed
branch  1 never executed
    #####: 1039:	  tributeRevealedCards[0] = state->discard[nextPlayer][state->discardCount[nextPlayer]-1];
    #####: 1040:	  state->discardCount[nextPlayer]--;
        -: 1041:	}
        -: 1042:	else{
        -: 1043:	  //No Card to Reveal
        -: 1044:	  if (DEBUG){
        -: 1045:	    printf("No cards to reveal\n");
        -: 1046:	  }
        -: 1047:	}
        -: 1048:      }
        -: 1049:
        -: 1050:      else{
    #####: 1051:	if (state->deckCount[nextPlayer] == 0){
branch  0 never executed
branch  1 never executed
    #####: 1052:	  for (i = 0; i < state->discardCount[nextPlayer]; i++){
branch  0 never executed
branch  1 never executed
    #####: 1053:	    state->deck[nextPlayer][i] = state->discard[nextPlayer][i];//Move to deck
    #####: 1054:	    state->deckCount[nextPlayer]++;
    #####: 1055:	    state->discard[nextPlayer][i] = -1;
    #####: 1056:	    state->discardCount[nextPlayer]--;
        -: 1057:	  }
        -: 1058:
    #####: 1059:	  shuffle(nextPlayer,state);//Shuffle the deck
call    0 never executed
        -: 1060:	}
    #####: 1061:	tributeRevealedCards[0] = state->deck[nextPlayer][state->deckCount[nextPlayer]-1];
    #####: 1062:	state->deck[nextPlayer][state->deckCount[nextPlayer]--] = -1;
    #####: 1063:	state->deckCount[nextPlayer]--;
    #####: 1064:	tributeRevealedCards[1] = state->deck[nextPlayer][state->deckCount[nextPlayer]-1];
    #####: 1065:	state->deck[nextPlayer][state->deckCount[nextPlayer]--] = -1;
    #####: 1066:	state->deckCount[nextPlayer]--;
        -: 1067:      }
        -: 1068:
    #####: 1069:      if (tributeRevealedCards[0] == tributeRevealedCards[1]){//If we have a duplicate card, just drop one
branch  0 never executed
branch  1 never executed
    #####: 1070:	state->playedCards[state->playedCardCount] = tributeRevealedCards[1];
    #####: 1071:	state->playedCardCount++;
    #####: 1072:	tributeRevealedCards[1] = -1;
        -: 1073:      }
        -: 1074:
    #####: 1075:      for (i = 0; i <= 2; i ++){
branch  0 never executed
branch  1 never executed
    #####: 1076:	if (tributeRevealedCards[i] == copper || tributeRevealedCards[i] == silver || tributeRevealedCards[i] == gold){//Treasure cards
branch  0 never executed
branch  1 never executed
branch  2 never executed
branch  3 never executed
branch  4 never executed
branch  5 never executed
    #####: 1077:	  state->coins += 2;
        -: 1078:	}
        -: 1079:
    #####: 1080:	else if (tributeRevealedCards[i] == estate || tributeRevealedCards[i] == duchy || tributeRevealedCards[i] == province || tributeRevealedCards[i] == gardens || tributeRevealedCards[i] == great_hall){//Victory Card Found
branch  0 never executed
branch  1 never executed
branch  2 never executed
branch  3 never executed
branch  4 never executed
branch  5 never executed
branch  6 never executed
branch  7 never executed
branch  8 never executed
branch  9 never executed
    #####: 1081:	  drawCard(currentPlayer, state);
call    0 never executed
    #####: 1082:	  drawCard(currentPlayer, state);
call    0 never executed
        -: 1083:	}
        -: 1084:	else{//Action Card
    #####: 1085:	  state->numActions = state->numActions + 2;
        -: 1086:	}
        -: 1087:      }
        -: 1088:
    #####: 1089:      return 0;
        -: 1090:
        -: 1091:    case ambassador:
    #####: 1092:      j = 0;		//used to check if player has enough cards to discard
        -: 1093:
    #####: 1094:      if (choice2 > 2 || choice2 < 0)
branch  0 never executed
branch  1 never executed
branch  2 never executed
branch  3 never executed
        -: 1095:	{
    #####: 1096:	  return -1;
        -: 1097:	}
        -: 1098:
    #####: 1099:      if (choice1 == handPos)
branch  0 never executed
branch  1 never executed
        -: 1100:	{
    #####: 1101:	  return -1;
        -: 1102:	}
        -: 1103:
    #####: 1104:      for (i = 0; i < state->handCount[currentPlayer]; i++)
branch  0 never executed
branch  1 never executed
        -: 1105:	{
    #####: 1106:	  if (i != handPos && i == state->hand[currentPlayer][choice1] && i != choice1)
branch  0 never executed
branch  1 never executed
branch  2 never executed
branch  3 never executed
branch  4 never executed
branch  5 never executed
        -: 1107:	    {
    #####: 1108:	      j++;
        -: 1109:	    }
        -: 1110:	}
    #####: 1111:      if (j < choice2)
branch  0 never executed
branch  1 never executed
        -: 1112:	{
    #####: 1113:	  return -1;
        -: 1114:	}
        -: 1115:
        -: 1116:      if (DEBUG)
        -: 1117:	printf("Player %d reveals card number: %d\n", currentPlayer, state->hand[currentPlayer][choice1]);
        -: 1118:
        -: 1119:      //increase supply count for choosen card by amount being discarded
    #####: 1120:      state->supplyCount[state->hand[currentPlayer][choice1]] += choice2;
        -: 1121:
        -: 1122:      //each other player gains a copy of revealed card
    #####: 1123:      for (i = 0; i < state->numPlayers; i++)
branch  0 never executed
branch  1 never executed
        -: 1124:	{
    #####: 1125:	  if (i != currentPlayer)
branch  0 never executed
branch  1 never executed
        -: 1126:	    {
    #####: 1127:	      gainCard(state->hand[currentPlayer][choice1], state, 0, i);
call    0 never executed
        -: 1128:	    }
        -: 1129:	}
        -: 1130:
        -: 1131:      //discard played card from hand
    #####: 1132:      discardCard(handPos, currentPlayer, state, 0);
call    0 never executed
        -: 1133:
        -: 1134:      //trash copies of cards returned to supply
    #####: 1135:      for (j = 0; j < choice2; j++)
branch  0 never executed
branch  1 never executed
        -: 1136:	{
    #####: 1137:	  for (i = 0; i < state->handCount[currentPlayer]; i++)
branch  0 never executed
branch  1 never executed
        -: 1138:	    {
    #####: 1139:	      if (state->hand[currentPlayer][i] == state->hand[currentPlayer][choice1])
branch  0 never executed
branch  1 never executed
        -: 1140:		{
    #####: 1141:		  discardCard(i, currentPlayer, state, 1);
call    0 never executed
    #####: 1142:		  break;
        -: 1143:		}
        -: 1144:	    }
        -: 1145:	}
        -: 1146:
    #####: 1147:      return 0;
        -: 1148:
        -: 1149:    case cutpurse:
        -: 1150:
    #####: 1151:      updateCoins(currentPlayer, state, 2);
call    0 never executed
    #####: 1152:      for (i = 0; i < state->numPlayers; i++)
branch  0 never executed
branch  1 never executed
        -: 1153:	{
    #####: 1154:	  if (i != currentPlayer)
branch  0 never executed
branch  1 never executed
        -: 1155:	    {
    #####: 1156:	      for (j = 0; j < state->handCount[i]; j++)
branch  0 never executed
branch  1 never executed
        -: 1157:		{
    #####: 1158:		  if (state->hand[i][j] == copper)
branch  0 never executed
branch  1 never executed
        -: 1159:		    {
    #####: 1160:		      discardCard(j, i, state, 0);
call    0 never executed
    #####: 1161:		      break;
        -: 1162:		    }
    #####: 1163:		  if (j == state->handCount[i])
branch  0 never executed
branch  1 never executed
        -: 1164:		    {
    #####: 1165:		      for (k = 0; k < state->handCount[i]; k++)
branch  0 never executed
branch  1 never executed
        -: 1166:			{
        -: 1167:			  if (DEBUG)
        -: 1168:			    printf("Player %d reveals card number %d\n", i, state->hand[i][k]);
        -: 1169:			}
    #####: 1170:		      break;
        -: 1171:		    }
        -: 1172:		}
        -: 1173:
        -: 1174:	    }
        -: 1175:
        -: 1176:	}
        -: 1177:
        -: 1178:      //discard played card from hand
    #####: 1179:      discardCard(handPos, currentPlayer, state, 0);
call    0 never executed
        -: 1180:
    #####: 1181:      return 0;
        -: 1182:
        -: 1183:
        -: 1184:    case embargo:
        -: 1185:      //+2 Coins
    #####: 1186:      state->coins = state->coins + 2;
        -: 1187:
        -: 1188:      //see if selected pile is in play
    #####: 1189:      if ( state->supplyCount[choice1] == -1 )
branch  0 never executed
branch  1 never executed
        -: 1190:	{
    #####: 1191:	  return -1;
        -: 1192:	}
        -: 1193:
        -: 1194:      //add embargo token to selected supply pile
    #####: 1195:      state->embargoTokens[choice1]++;
        -: 1196:
        -: 1197:      //trash card
    #####: 1198:      discardCard(handPos, currentPlayer, state, 1);
call    0 never executed
    #####: 1199:      return 0;
        -: 1200:
        -: 1201:    case outpost:
        -: 1202:      //set outpost flag
    #####: 1203:      state->outpostPlayed++;
        -: 1204:
        -: 1205:      //discard card
    #####: 1206:      discardCard(handPos, currentPlayer, state, 0);
call    0 never executed
    #####: 1207:      return 0;
        -: 1208:
        -: 1209:    case salvager:
        -: 1210:      //+1 buy
    #####: 1211:      state->numBuys++;
        -: 1212:
    #####: 1213:      if (choice1)
branch  0 never executed
branch  1 never executed
        -: 1214:	{
        -: 1215:	  //gain coins equal to trashed card
    #####: 1216:	  state->coins = state->coins + getCost( handCard(choice1, state) );
call    0 never executed
call    1 never executed
        -: 1217:	  //trash card
    #####: 1218:	  discardCard(choice1, currentPlayer, state, 1);
call    0 never executed
        -: 1219:	}
        -: 1220:
        -: 1221:      //discard card
    #####: 1222:      discardCard(handPos, currentPlayer, state, 0);
call    0 never executed
    #####: 1223:      return 0;
        -: 1224:
        -: 1225:    case sea_hag:
    #####: 1226:      for (i = 0; i < state->numPlayers; i++){
branch  0 never executed
branch  1 never executed
    #####: 1227:	if (i != currentPlayer){
branch  0 never executed
branch  1 never executed
    #####: 1228:	  state->discard[i][state->discardCount[i]] = state->deck[i][state->deckCount[i]--];			    state->deckCount[i]--;
    #####: 1229:	  state->discardCount[i]++;
    #####: 1230:	  state->deck[i][state->deckCount[i]--] = curse;//Top card now a curse
        -: 1231:	}
        -: 1232:      }
    #####: 1233:      return 0;
        -: 1234:
        -: 1235:    case treasure_map:
        -: 1236:      //search hand for another treasure_map
    #####: 1237:      index = -1;
    #####: 1238:      for (i = 0; i < state->handCount[currentPlayer]; i++)
branch  0 never executed
branch  1 never executed
        -: 1239:	{
    #####: 1240:	  if (state->hand[currentPlayer][i] == treasure_map && i != handPos)
branch  0 never executed
branch  1 never executed
branch  2 never executed
branch  3 never executed
        -: 1241:	    {
    #####: 1242:	      index = i;
    #####: 1243:	      break;
        -: 1244:	    }
        -: 1245:	}
    #####: 1246:      if (index > -1)
branch  0 never executed
branch  1 never executed
        -: 1247:	{
        -: 1248:	  //trash both treasure cards
    #####: 1249:	  discardCard(handPos, currentPlayer, state, 1);
call    0 never executed
    #####: 1250:	  discardCard(index, currentPlayer, state, 1);
call    0 never executed
        -: 1251:
        -: 1252:	  //gain 4 Gold cards
    #####: 1253:	  for (i = 0; i < 4; i++)
branch  0 never executed
branch  1 never executed
        -: 1254:	    {
    #####: 1255:	      gainCard(gold, state, 1, currentPlayer);
call    0 never executed
        -: 1256:	    }
        -: 1257:
        -: 1258:	  //return success
    #####: 1259:	  return 1;
        -: 1260:	}
        -: 1261:
        -: 1262:      //no second treasure_map found in hand
    #####: 1263:      return -1;
        -: 1264:    }
        -: 1265:
    #####: 1266:  return -1;
        -: 1267:}
        -: 1268:
function discardCard called 3 returned 100% blocks executed 78%
        3: 1269:int discardCard(int handPos, int currentPlayer, struct gameState *state, int trashFlag)
        -: 1270:{
        -: 1271:
        -: 1272:  //if card is not trashed, added to Played pile
        3: 1273:  if (trashFlag < 1)
branch  0 taken 67% (fallthrough)
branch  1 taken 33%
        -: 1274:    {
        -: 1275:      //add card to played pile
        2: 1276:      state->playedCards[state->playedCardCount] = state->hand[currentPlayer][handPos];
        2: 1277:      state->playedCardCount++;
        -: 1278:    }
        -: 1279:
        -: 1280:  //set played card to -1
        3: 1281:  state->hand[currentPlayer][handPos] = -1;
        -: 1282:
        -: 1283:  //remove card from player's hand
        3: 1284:  if ( handPos == (state->handCount[currentPlayer] - 1) ) 	//last card in hand array is played
branch  0 taken 0% (fallthrough)
branch  1 taken 100%
        -: 1285:    {
        -: 1286:      //reduce number of cards in hand
    #####: 1287:      state->handCount[currentPlayer]--;
        -: 1288:    }
        3: 1289:  else if ( state->handCount[currentPlayer] == 1 ) //only one card in hand
branch  0 taken 0% (fallthrough)
branch  1 taken 100%
        -: 1290:    {
        -: 1291:      //reduce number of cards in hand
    #####: 1292:      state->handCount[currentPlayer]--;
        -: 1293:    }
        -: 1294:  else
        -: 1295:    {
        -: 1296:      //replace discarded card with last card in hand
        3: 1297:      state->hand[currentPlayer][handPos] = state->hand[currentPlayer][ (state->handCount[currentPlayer] - 1)];
        -: 1298:      //set last card to -1
        3: 1299:      state->hand[currentPlayer][state->handCount[currentPlayer] - 1] = -1;
        -: 1300:      //reduce number of cards in hand
        3: 1301:      state->handCount[currentPlayer]--;
        -: 1302:    }
        -: 1303:
        3: 1304:  return 0;
        -: 1305:}
        -: 1306:
function gainCard called 1 returned 100% blocks executed 70%
        1: 1307:int gainCard(int supplyPos, struct gameState *state, int toFlag, int player)
        -: 1308:{
        -: 1309:  //Note: supplyPos is enum of choosen card
        -: 1310:
        -: 1311:  //check if supply pile is empty (0) or card is not used in game (-1)
        1: 1312:  if ( supplyCount(supplyPos, state) < 1 )
call    0 returned 100%
branch  1 taken 0% (fallthrough)
branch  2 taken 100%
        -: 1313:    {
    #####: 1314:      return -1;
        -: 1315:    }
        -: 1316:
        -: 1317:  //added card for [whoseTurn] current player:
        -: 1318:  // toFlag = 0 : add to discard
        -: 1319:  // toFlag = 1 : add to deck
        -: 1320:  // toFlag = 2 : add to hand
        -: 1321:
        1: 1322:  if (toFlag == 1)
branch  0 taken 0% (fallthrough)
branch  1 taken 100%
        -: 1323:    {
    #####: 1324:      state->deck[ player ][ state->deckCount[player] ] = supplyPos;
    #####: 1325:      state->deckCount[player]++;
        -: 1326:    }
        1: 1327:  else if (toFlag == 2)
branch  0 taken 0% (fallthrough)
branch  1 taken 100%
        -: 1328:    {
    #####: 1329:      state->hand[ player ][ state->handCount[player] ] = supplyPos;
    #####: 1330:      state->handCount[player]++;
        -: 1331:    }
        -: 1332:  else
        -: 1333:    {
        1: 1334:      state->discard[player][ state->discardCount[player] ] = supplyPos;
        1: 1335:      state->discardCount[player]++;
        -: 1336:    }
        -: 1337:
        -: 1338:  //decrease number in supply pile
        1: 1339:  state->supplyCount[supplyPos]--;
        -: 1340:
        1: 1341:  return 0;
        -: 1342:}
        -: 1343:
function updateCoins called 7 returned 100% blocks executed 82%
        7: 1344:int updateCoins(int player, struct gameState *state, int bonus)
        -: 1345:{
        -: 1346:  int i;
        -: 1347:
        -: 1348:  //reset coin count
        7: 1349:  state->coins = 0;
        -: 1350:
        -: 1351:  //add coins for each Treasure card in player's hand
       42: 1352:  for (i = 0; i < state->handCount[player]; i++)
branch  0 taken 83%
branch  1 taken 17% (fallthrough)
        -: 1353:    {
       35: 1354:      if (state->hand[player][i] == copper)
branch  0 taken 80% (fallthrough)
branch  1 taken 20%
        -: 1355:	{
       28: 1356:	  state->coins += 1;
        -: 1357:	}
        7: 1358:      else if (state->hand[player][i] == silver)
branch  0 taken 0% (fallthrough)
branch  1 taken 100%
        -: 1359:	{
    #####: 1360:	  state->coins += 2;
        -: 1361:	}
        7: 1362:      else if (state->hand[player][i] == gold)
branch  0 taken 0% (fallthrough)
branch  1 taken 100%
        -: 1363:	{
    #####: 1364:	  state->coins += 3;
        -: 1365:	}
        -: 1366:    }
        -: 1367:
        -: 1368:  //add bonus
        7: 1369:  state->coins += bonus;
        -: 1370:
        7: 1371:  return 0;
        -: 1372:}
        -: 1373:
        -: 1374:
        -: 1375://end of dominion.c
